app/build/intermediates/manifest_merge_blame_file/debug/manifest-merger-blame-debug-report.txt
1<?xml version="1.0" encoding="utf-8"?>
2<manifest xmlns:android="http://schemas.android.com/apk/res/android"
3    package="com.streamcast.tvbrowserkotlin"
4    android:versionCode="1"
5    android:versionName="1.0.0" >
6
7    <uses-sdk
8        android:minSdkVersion="21"
9        android:targetSdkVersion="34" />
10
11    <uses-permission android:name="android.permission.INTERNET" />
11-->src/main/AndroidManifest.xml:4:5-67
11-->src/main/AndroidManifest.xml:4:22-64
12    <uses-permission android:name="android.permission.ACCESS_NETWORK_STATE" />
12-->src/main/AndroidManifest.xml:5:5-79
12-->src/main/AndroidManifest.xml:5:22-76
13
14    <uses-feature
14-->src/main/AndroidManifest.xml:7:5-86
15        android:name="android.software.leanback"
15-->src/main/AndroidManifest.xml:7:19-59
16        android:required="true" />
16-->src/main/AndroidManifest.xml:7:60-83
17
18    <permission
18-->[androidx.core:core:1.12.0] AndroidManifest.xml:22:5-24:47
19        android:name="com.streamcast.tvbrowserkotlin.DYNAMIC_RECEIVER_NOT_EXPORTED_PERMISSION"
19-->[androidx.core:core:1.12.0] AndroidManifest.xml:23:9-81
20        android:protectionLevel="signature" />
20-->[androidx.core:core:1.12.0] AndroidManifest.xml:24:9-44
21
22    <uses-permission android:name="com.streamcast.tvbrowserkotlin.DYNAMIC_RECEIVER_NOT_EXPORTED_PERMISSION" />
22-->[androidx.core:core:1.12.0] AndroidManifest.xml:26:5-97
22-->[androidx.core:core:1.12.0] AndroidManifest.xml:26:22-94
23
24    <application
24-->src/main/AndroidManifest.xml:9:5-33:19
25        android:name="com.streamcast.tvbrowserkotlin.TVBrowserApp"
25-->src/main/AndroidManifest.xml:10:9-37
26        android:allowBackup="true"
26-->src/main/AndroidManifest.xml:11:9-35
27        android:appComponentFactory="androidx.core.app.CoreComponentFactory"
27-->[androidx.core:core:1.12.0] AndroidManifest.xml:28:18-86
28        android:banner="@drawable/banner"
28-->src/main/AndroidManifest.xml:13:9-42
29        android:debuggable="true"
30        android:extractNativeLibs="true"
31        android:icon="@drawable/ic_launcher"
31-->src/main/AndroidManifest.xml:12:9-45
32        android:label="TV Browser"
32-->src/main/AndroidManifest.xml:14:9-35
33        android:supportsRtl="true"
33-->src/main/AndroidManifest.xml:15:9-35
34        android:theme="@style/Theme.TVBrowser" >
34-->src/main/AndroidManifest.xml:16:9-47
35        <activity
35-->src/main/AndroidManifest.xml:18:9-26:20
36            android:name="com.streamcast.tvbrowserkotlin.MainActivity"
36-->src/main/AndroidManifest.xml:19:13-41
37            android:configChanges="orientation|screenSize|keyboard|keyboardHidden"
37-->src/main/AndroidManifest.xml:21:13-83
38            android:exported="true" >
38-->src/main/AndroidManifest.xml:20:13-36
39            <intent-filter>
39-->src/main/AndroidManifest.xml:22:13-25:29
40                <action android:name="android.intent.action.MAIN" />
40-->src/main/AndroidManifest.xml:23:17-69
40-->src/main/AndroidManifest.xml:23:25-66
41
42                <category android:name="android.intent.category.LEANBACK_LAUNCHER" />
42-->src/main/AndroidManifest.xml:24:17-86
42-->src/main/AndroidManifest.xml:24:27-83
43            </intent-filter>
44        </activity>
45        <activity
45-->src/main/AndroidManifest.xml:28:9-32:65
46            android:name="com.streamcast.tvbrowserkotlin.VideoPlayerActivity"
46-->src/main/AndroidManifest.xml:29:13-48
47            android:configChanges="orientation|screenSize"
47-->src/main/AndroidManifest.xml:31:13-59
48            android:exported="false"
48-->src/main/AndroidManifest.xml:30:13-37
49            android:theme="@style/Theme.TVBrowser.Fullscreen" />
49-->src/main/AndroidManifest.xml:32:13-62
50
51        <provider
51-->[androidx.emoji2:emoji2:1.2.0] AndroidManifest.xml:24:9-32:20
52            android:name="androidx.startup.InitializationProvider"
52-->[androidx.emoji2:emoji2:1.2.0] AndroidManifest.xml:25:13-67
53            android:authorities="com.streamcast.tvbrowserkotlin.androidx-startup"
53-->[androidx.emoji2:emoji2:1.2.0] AndroidManifest.xml:26:13-68
54            android:exported="false" >
54-->[androidx.emoji2:emoji2:1.2.0] AndroidManifest.xml:27:13-37
55            <meta-data
55-->[androidx.emoji2:emoji2:1.2.0] AndroidManifest.xml:29:13-31:52
56                android:name="androidx.emoji2.text.EmojiCompatInitializer"
56-->[androidx.emoji2:emoji2:1.2.0] AndroidManifest.xml:30:17-75
57                android:value="androidx.startup" />
57-->[androidx.emoji2:emoji2:1.2.0] AndroidManifest.xml:31:17-49
58            <meta-data
58-->[androidx.lifecycle:lifecycle-process:2.4.1] AndroidManifest.xml:31:13-33:52
59                android:name="androidx.lifecycle.ProcessLifecycleInitializer"
59-->[androidx.lifecycle:lifecycle-process:2.4.1] AndroidManifest.xml:32:17-78
60                android:value="androidx.startup" />
60-->[androidx.lifecycle:lifecycle-process:2.4.1] AndroidManifest.xml:33:17-49
61        </provider>
62    </application>
63
64</manifest>